<?xml version="1.0" encoding="UTF-8"?>
<!-- Generated by org.testng.reporters.JUnitReportReporter -->
<testsuite hostname="Pavanis-MBP.lan" failures="0" tests="1" name="com.SeleniumExamples.PractiseExampleInInterview.AppTest" time="0.007" errors="0" timestamp="2022-07-01T11:59:21 PDT" skipped="0">
  <testcase classname="com.SeleniumExamples.PractiseExampleInInterview.AppTest" name="shouldAnswerWithTrue" time="0.007"/>
  <system-out/>
</testsuite> <!-- com.SeleniumExamples.PractiseExampleInInterview.AppTest -->
